<?xml version="1.0" encoding="UTF-8"?><testsuite errors="0" failures="0" name="com.qa.testcases.FindNewCarbyBrandTest" skipped="0" tests="4" time="54.14" timestamp="2021-02-03 01:19:59"><testcase classname="com.qa.testcases.FindNewCarbyBrandTest" name="To check the find new car of brand Tata Using the find new car feature"/><testcase classname="com.qa.testcases.FindNewCarbyBrandTest" name="To check the find new car of brand Kia Using the find new car feature"/><testcase classname="com.qa.testcases.FindNewCarbyBrandTest" name="To check the find new car of brand Hyundai Using the find new car feature"/><testcase classname="com.qa.testcases.FindNewCarbyBrandTest" name="To check the find new car of brand Mercedes-Benz Using the find new car feature"/></testsuite>